<?xml version="1.0" encoding="UTF-8"?>
<!-- Generated by org.testng.reporters.JUnitReportReporter -->
<testsuite hostname="DESKTOP-89UTKKR" failures="0" tests="2" name="com.test.alphagrep.ruleEnginUnitTest" time="0.021" errors="0" timestamp="2023-04-10T09:03:47 IST" skipped="0">
  <testcase classname="com.test.alphagrep.ruleEnginUnitTest" name="testCase1" time="0.020"/>
  <system-out/>
  <testcase classname="com.test.alphagrep.ruleEnginUnitTest" name="testCase2" time="0.001"/>
  <system-out/>
</testsuite> <!-- com.test.alphagrep.ruleEnginUnitTest -->
